[0229/172139.905555:WARNING:leveldb_database.cc(123)] Unable to open /Users/parthmahajan/Downloads/sciwo/Parth/~/.config/google-chrome/Default/shared_proto_db/metadata: IO error: /Users/parthmahajan/Downloads/sciwo/Parth/~/.config/google-chrome/Default/shared_proto_db/metadata/LOCK: File currently in use. (ChromeMethodBFE: 15::LockFile::2)
[0229/172140.910195:WARNING:leveldb_database.cc(123)] Unable to open /Users/parthmahajan/Downloads/sciwo/Parth/~/.config/google-chrome/Default/shared_proto_db/metadata: IO error: /Users/parthmahajan/Downloads/sciwo/Parth/~/.config/google-chrome/Default/shared_proto_db/metadata/LOCK: File currently in use. (ChromeMethodBFE: 15::LockFile::2)
[0229/172141.919893:WARNING:leveldb_database.cc(123)] Unable to open /Users/parthmahajan/Downloads/sciwo/Parth/~/.config/google-chrome/Default/shared_proto_db/metadata: IO error: /Users/parthmahajan/Downloads/sciwo/Parth/~/.config/google-chrome/Default/shared_proto_db/metadata/LOCK: File currently in use. (ChromeMethodBFE: 15::LockFile::2)
[0229/172142.925526:WARNING:leveldb_database.cc(123)] Unable to open /Users/parthmahajan/Downloads/sciwo/Parth/~/.config/google-chrome/Default/shared_proto_db/metadata: IO error: /Users/parthmahajan/Downloads/sciwo/Parth/~/.config/google-chrome/Default/shared_proto_db/metadata/LOCK: File currently in use. (ChromeMethodBFE: 15::LockFile::2)
[0229/172450.830489:INFO:CONSOLE(12)] "🚀 container.buildInfo.environment is deprecated.Please use `container.environment.stage` instead", source: https://assets.adobedtm.com/4a848ae9611a/8abdb8d26bcc/launch-5ed435cee62b.min.js (12)
[0229/172450.831093:INFO:CONSOLE(12)] "🚀 container.buildInfo.environment is deprecated.Please use `container.environment.stage` instead", source: https://assets.adobedtm.com/4a848ae9611a/8abdb8d26bcc/launch-5ed435cee62b.min.js (12)
[0229/172450.872060:INFO:CONSOLE(22)] "/!\ You are using legacy implementation. Please update your code: use createWrapper() and wrapper.useWrappedStore().", source: https://www.scopus.com/pages/_next/static/chunks/pages/_app-6cddc817538d85cc.js (22)
[0229/172450.922392:INFO:CONSOLE(22)] "Variant legacy only supports one fixed size currently.", source: https://www.scopus.com/pages/_next/static/chunks/pages/_app-6cddc817538d85cc.js (22)
[0229/172450.922461:INFO:CONSOLE(22)] "Variant legacy only supports one fixed size currently.", source: https://www.scopus.com/pages/_next/static/chunks/pages/_app-6cddc817538d85cc.js (22)
[0229/172450.969192:INFO:CONSOLE(2)] "Uncaught ReferenceError: isCarsForIDPlus is not defined", source:  (2)
[0229/172451.269538:INFO:CONSOLE(0)] "Third-party cookie will be blocked. Learn more in the Issues tab.", source: https://www.scopus.com/pages/error?referrer=/error.uri&statusCode=404 (0)
[0229/172451.269653:INFO:CONSOLE(0)] "Third-party cookie will be blocked. Learn more in the Issues tab.", source: https://www.scopus.com/pages/error?referrer=/error.uri&statusCode=404 (0)
[0229/172451.269707:INFO:CONSOLE(0)] "Third-party cookie will be blocked. Learn more in the Issues tab.", source: https://www.scopus.com/pages/error?referrer=/error.uri&statusCode=404 (0)
[0229/172451.287635:INFO:CONSOLE(0)] "Third-party cookie will be blocked. Learn more in the Issues tab.", source: https://www.scopus.com/pages/error?referrer=/error.uri&statusCode=404 (0)
[0229/172451.390132:INFO:CONSOLE(0)] "Third-party cookie will be blocked. Learn more in the Issues tab.", source: https://www.scopus.com/pages/error?referrer=/error.uri&statusCode=404 (0)
[0229/172451.390302:INFO:CONSOLE(0)] "Third-party cookie will be blocked. Learn more in the Issues tab.", source: https://www.scopus.com/pages/error?referrer=/error.uri&statusCode=404 (0)
[0229/172455.974684:INFO:CONSOLE(6)] "AT: metric element not found [object Object]", source: https://assets.adobedtm.com/4a848ae9611a/8abdb8d26bcc/launch-5ed435cee62b.min.js (6)
[0229/172501.720190:INFO:CONSOLE(12)] "🚀 container.buildInfo.environment is deprecated.Please use `container.environment.stage` instead", source: https://assets.adobedtm.com/4a848ae9611a/8abdb8d26bcc/launch-5ed435cee62b.min.js (12)
[0229/172501.720483:INFO:CONSOLE(12)] "🚀 container.buildInfo.environment is deprecated.Please use `container.environment.stage` instead", source: https://assets.adobedtm.com/4a848ae9611a/8abdb8d26bcc/launch-5ed435cee62b.min.js (12)
[0229/172501.724137:INFO:CONSOLE(12)] "🚀 container.buildInfo.environment is deprecated.Please use `container.environment.stage` instead", source: https://assets.adobedtm.com/4a848ae9611a/8abdb8d26bcc/launch-5ed435cee62b.min.js (12)
[0229/172501.724183:INFO:CONSOLE(12)] "🚀 container.buildInfo.environment is deprecated.Please use `container.environment.stage` instead", source: https://assets.adobedtm.com/4a848ae9611a/8abdb8d26bcc/launch-5ed435cee62b.min.js (12)
[0229/172501.735014:INFO:CONSOLE(5)] "ComponentId: pbj-event-manager; Message: Subscribed to event "confirm-back-link-unsaved" via function: e", source: https://components.scopus.com/www/pbj-scopus-monolith/pbj-scopus-monolith.js (5)
[0229/172501.735080:INFO:CONSOLE(5)] "ComponentId: pbj-event-manager; Message: Subscribed to event "scopus-title-back-link" via function: t", source: https://components.scopus.com/www/pbj-scopus-monolith/pbj-scopus-monolith.js (5)
[0229/172501.735103:INFO:CONSOLE(5)] "ComponentId: pbj-event-manager; Message: Published event "scopus-page-title-ready" with data: true", source: https://components.scopus.com/www/pbj-scopus-monolith/pbj-scopus-monolith.js (5)
[0229/172501.757194:INFO:CONSOLE(5)] "Variant legacy only supports one fixed size currently.", source: https://components.scopus.com/www/global-header/global-header.js (5)
[0229/172501.757308:INFO:CONSOLE(5)] "Variant legacy only supports one fixed size currently.", source: https://components.scopus.com/www/global-header/global-header.js (5)
[0229/172501.881663:INFO:CONSOLE(630)] "Page report :: https://rum.scopus.com/pageReport?cpc=SC&pagetype=recordpage&sdsh=-408283146&tidh=-616978900&href=https%3A%2F%2Fwww.scopus.com%2Frecord%2Fdisplay.uri%3Feid%3D2-s2.0-85183457195%26doi%3D10.1109%252fMENA-SC54044.2023.10374503%26origin%3Dinward%26txGid%3D09c74b967ba5f41c3f6b85ef04da3995&navigationStart=1709207699162&unloadEventStart=0&unloadEventEnd=0&redirectStart=0&redirectEnd=0&fetchStart=1709207700633&domainLookupStart=1709207700633&domainLookupEnd=1709207700633&connectStart=1709207700633&connectEnd=1709207700633&secureConnectionStart=0&requestStart=1709207700634&responseStart=1709207700998&responseEnd=1709207701024&domLoading=1709207701030&domInteractive=1709207701705&domContentLoadedEventStart=1709207701728&domContentLoadedEventEnd=1709207701733&domComplete=1709207701778&loadEventStart=1709207701778&loadEventEnd=1709207701782", source: https://www.scopus.com/gzip_2116112278/bundles/RecordPageBottomMaster.js (630)
[0229/172502.402556:INFO:CONSOLE(353)] "Adobe Campaign ID: RN_AGCM_Program_300004854", source: https://content.pendo.scopus.com/guide-content/dKdg-1ETkV0CILxRfRAO4_l_7Gc/3mfRlvel5T7NkvMcz4MpUaaD0Ww/6y8O8mGDtwYk48Pqi4B94m2D8b8.guide.js?sha256=qVZn_xzYBqhhvPoEQVxqEZC02zQrybATDGr5wdi1B18 (353)
[0229/172502.402764:INFO:CONSOLE(367)] "Adobe Campaign Name: sc - new remote access - 20210701 |", source: https://content.pendo.scopus.com/guide-content/dKdg-1ETkV0CILxRfRAO4_l_7Gc/3mfRlvel5T7NkvMcz4MpUaaD0Ww/6y8O8mGDtwYk48Pqi4B94m2D8b8.guide.js?sha256=qVZn_xzYBqhhvPoEQVxqEZC02zQrybATDGr5wdi1B18 (367)
[0229/172502.402828:INFO:CONSOLE(377)] "Element Path rule is: ", source: https://content.pendo.scopus.com/guide-content/dKdg-1ETkV0CILxRfRAO4_l_7Gc/3mfRlvel5T7NkvMcz4MpUaaD0Ww/6y8O8mGDtwYk48Pqi4B94m2D8b8.guide.js?sha256=qVZn_xzYBqhhvPoEQVxqEZC02zQrybATDGr5wdi1B18 (377)
[0229/172502.403613:INFO:CONSOLE(401)] "AA Impression Registered for: pendo:sc - new remote access - 20210701 |:maybe later:RN_AGCM_Program_300004854", source: https://content.pendo.scopus.com/guide-content/dKdg-1ETkV0CILxRfRAO4_l_7Gc/3mfRlvel5T7NkvMcz4MpUaaD0Ww/6y8O8mGDtwYk48Pqi4B94m2D8b8.guide.js?sha256=qVZn_xzYBqhhvPoEQVxqEZC02zQrybATDGr5wdi1B18 (401)
[0229/172502.404029:INFO:CONSOLE(409)] "Track Event Impression Registered for: pendo:sc - new remote access - 20210701 |:maybe later:RN_AGCM_Program_300004854", source: https://content.pendo.scopus.com/guide-content/dKdg-1ETkV0CILxRfRAO4_l_7Gc/3mfRlvel5T7NkvMcz4MpUaaD0Ww/6y8O8mGDtwYk48Pqi4B94m2D8b8.guide.js?sha256=qVZn_xzYBqhhvPoEQVxqEZC02zQrybATDGr5wdi1B18 (409)
[0229/172502.404307:INFO:CONSOLE(401)] "AA Impression Registered for: pendo:sc - new remote access - 20210701 |:check access:RN_AGCM_Program_300004854", source: https://content.pendo.scopus.com/guide-content/dKdg-1ETkV0CILxRfRAO4_l_7Gc/3mfRlvel5T7NkvMcz4MpUaaD0Ww/6y8O8mGDtwYk48Pqi4B94m2D8b8.guide.js?sha256=qVZn_xzYBqhhvPoEQVxqEZC02zQrybATDGr5wdi1B18 (401)
[0229/172502.404563:INFO:CONSOLE(409)] "Track Event Impression Registered for: pendo:sc - new remote access - 20210701 |:check access:RN_AGCM_Program_300004854", source: https://content.pendo.scopus.com/guide-content/dKdg-1ETkV0CILxRfRAO4_l_7Gc/3mfRlvel5T7NkvMcz4MpUaaD0Ww/6y8O8mGDtwYk48Pqi4B94m2D8b8.guide.js?sha256=qVZn_xzYBqhhvPoEQVxqEZC02zQrybATDGr5wdi1B18 (409)
[0229/172502.404960:INFO:CONSOLE(401)] "AA Impression Registered for: pendo:sc - new remote access - 20210701 |:closeButtonX:RN_AGCM_Program_300004854", source: https://content.pendo.scopus.com/guide-content/dKdg-1ETkV0CILxRfRAO4_l_7Gc/3mfRlvel5T7NkvMcz4MpUaaD0Ww/6y8O8mGDtwYk48Pqi4B94m2D8b8.guide.js?sha256=qVZn_xzYBqhhvPoEQVxqEZC02zQrybATDGr5wdi1B18 (401)
[0229/172502.405203:INFO:CONSOLE(409)] "Track Event Impression Registered for: pendo:sc - new remote access - 20210701 |:closeButtonX:RN_AGCM_Program_300004854", source: https://content.pendo.scopus.com/guide-content/dKdg-1ETkV0CILxRfRAO4_l_7Gc/3mfRlvel5T7NkvMcz4MpUaaD0Ww/6y8O8mGDtwYk48Pqi4B94m2D8b8.guide.js?sha256=qVZn_xzYBqhhvPoEQVxqEZC02zQrybATDGr5wdi1B18 (409)
[0229/172506.790327:INFO:CONSOLE(6)] "AT: metric element not found [object Object]", source: https://assets.adobedtm.com/4a848ae9611a/8abdb8d26bcc/launch-5ed435cee62b.min.js (6)
[0229/172511.971639:INFO:CONSOLE(12)] "🚀 container.buildInfo.environment is deprecated.Please use `container.environment.stage` instead", source: https://assets.adobedtm.com/4a848ae9611a/8abdb8d26bcc/launch-5ed435cee62b.min.js (12)
[0229/172511.971949:INFO:CONSOLE(12)] "🚀 container.buildInfo.environment is deprecated.Please use `container.environment.stage` instead", source: https://assets.adobedtm.com/4a848ae9611a/8abdb8d26bcc/launch-5ed435cee62b.min.js (12)
[0229/172511.975794:INFO:CONSOLE(12)] "🚀 container.buildInfo.environment is deprecated.Please use `container.environment.stage` instead", source: https://assets.adobedtm.com/4a848ae9611a/8abdb8d26bcc/launch-5ed435cee62b.min.js (12)
[0229/172511.975845:INFO:CONSOLE(12)] "🚀 container.buildInfo.environment is deprecated.Please use `container.environment.stage` instead", source: https://assets.adobedtm.com/4a848ae9611a/8abdb8d26bcc/launch-5ed435cee62b.min.js (12)
[0229/172511.987839:INFO:CONSOLE(5)] "ComponentId: pbj-event-manager; Message: Subscribed to event "confirm-back-link-unsaved" via function: e", source: https://components.scopus.com/www/pbj-scopus-monolith/pbj-scopus-monolith.js (5)
[0229/172511.987920:INFO:CONSOLE(5)] "ComponentId: pbj-event-manager; Message: Subscribed to event "scopus-title-back-link" via function: t", source: https://components.scopus.com/www/pbj-scopus-monolith/pbj-scopus-monolith.js (5)
[0229/172511.987984:INFO:CONSOLE(5)] "ComponentId: pbj-event-manager; Message: Published event "scopus-page-title-ready" with data: true", source: https://components.scopus.com/www/pbj-scopus-monolith/pbj-scopus-monolith.js (5)
[0229/172511.993987:INFO:CONSOLE(5)] "Variant legacy only supports one fixed size currently.", source: https://components.scopus.com/www/global-header/global-header.js (5)
[0229/172511.994054:INFO:CONSOLE(5)] "Variant legacy only supports one fixed size currently.", source: https://components.scopus.com/www/global-header/global-header.js (5)
[0229/172512.116839:INFO:CONSOLE(630)] "Page report :: https://rum.scopus.com/pageReport?cpc=SC&pagetype=recordpage&sdsh=-408283146&tidh=-1946476854&href=https%3A%2F%2Fwww.scopus.com%2Frecord%2Fdisplay.uri%3Feid%3D2-s2.0-84923186724%26doi%3D10.1109%252fCIBEC.2014.7020939%26origin%3Dinward%26txGid%3D2f6c259c79ab4de4638eebd2bc94b209&navigationStart=1709207710764&unloadEventStart=1709207711595&unloadEventEnd=1709207711598&redirectStart=1709207710765&redirectEnd=1709207711078&fetchStart=1709207711078&domainLookupStart=1709207711078&domainLookupEnd=1709207711078&connectStart=1709207711078&connectEnd=1709207711078&secureConnectionStart=0&requestStart=1709207711080&responseStart=1709207711590&responseEnd=1709207711610&domLoading=1709207711599&domInteractive=1709207711958&domContentLoadedEventStart=1709207711980&domContentLoadedEventEnd=1709207711984&domComplete=1709207712013&loadEventStart=1709207712013&loadEventEnd=1709207712017", source: https://www.scopus.com/gzip_2116112278/bundles/RecordPageBottomMaster.js (630)
[0229/172512.443786:INFO:CONSOLE(353)] "Adobe Campaign ID: RN_AGCM_Program_300004854", source: https://content.pendo.scopus.com/guide-content/dKdg-1ETkV0CILxRfRAO4_l_7Gc/3mfRlvel5T7NkvMcz4MpUaaD0Ww/6y8O8mGDtwYk48Pqi4B94m2D8b8.guide.js?sha256=qVZn_xzYBqhhvPoEQVxqEZC02zQrybATDGr5wdi1B18 (353)
[0229/172512.444050:INFO:CONSOLE(367)] "Adobe Campaign Name: sc - new remote access - 20210701 |", source: https://content.pendo.scopus.com/guide-content/dKdg-1ETkV0CILxRfRAO4_l_7Gc/3mfRlvel5T7NkvMcz4MpUaaD0Ww/6y8O8mGDtwYk48Pqi4B94m2D8b8.guide.js?sha256=qVZn_xzYBqhhvPoEQVxqEZC02zQrybATDGr5wdi1B18 (367)
[0229/172512.444123:INFO:CONSOLE(377)] "Element Path rule is: ", source: https://content.pendo.scopus.com/guide-content/dKdg-1ETkV0CILxRfRAO4_l_7Gc/3mfRlvel5T7NkvMcz4MpUaaD0Ww/6y8O8mGDtwYk48Pqi4B94m2D8b8.guide.js?sha256=qVZn_xzYBqhhvPoEQVxqEZC02zQrybATDGr5wdi1B18 (377)
[0229/172512.444984:INFO:CONSOLE(401)] "AA Impression Registered for: pendo:sc - new remote access - 20210701 |:maybe later:RN_AGCM_Program_300004854", source: https://content.pendo.scopus.com/guide-content/dKdg-1ETkV0CILxRfRAO4_l_7Gc/3mfRlvel5T7NkvMcz4MpUaaD0Ww/6y8O8mGDtwYk48Pqi4B94m2D8b8.guide.js?sha256=qVZn_xzYBqhhvPoEQVxqEZC02zQrybATDGr5wdi1B18 (401)
[0229/172512.445324:INFO:CONSOLE(409)] "Track Event Impression Registered for: pendo:sc - new remote access - 20210701 |:maybe later:RN_AGCM_Program_300004854", source: https://content.pendo.scopus.com/guide-content/dKdg-1ETkV0CILxRfRAO4_l_7Gc/3mfRlvel5T7NkvMcz4MpUaaD0Ww/6y8O8mGDtwYk48Pqi4B94m2D8b8.guide.js?sha256=qVZn_xzYBqhhvPoEQVxqEZC02zQrybATDGr5wdi1B18 (409)
[0229/172512.445649:INFO:CONSOLE(401)] "AA Impression Registered for: pendo:sc - new remote access - 20210701 |:check access:RN_AGCM_Program_300004854", source: https://content.pendo.scopus.com/guide-content/dKdg-1ETkV0CILxRfRAO4_l_7Gc/3mfRlvel5T7NkvMcz4MpUaaD0Ww/6y8O8mGDtwYk48Pqi4B94m2D8b8.guide.js?sha256=qVZn_xzYBqhhvPoEQVxqEZC02zQrybATDGr5wdi1B18 (401)
[0229/172512.445963:INFO:CONSOLE(409)] "Track Event Impression Registered for: pendo:sc - new remote access - 20210701 |:check access:RN_AGCM_Program_300004854", source: https://content.pendo.scopus.com/guide-content/dKdg-1ETkV0CILxRfRAO4_l_7Gc/3mfRlvel5T7NkvMcz4MpUaaD0Ww/6y8O8mGDtwYk48Pqi4B94m2D8b8.guide.js?sha256=qVZn_xzYBqhhvPoEQVxqEZC02zQrybATDGr5wdi1B18 (409)
[0229/172512.446387:INFO:CONSOLE(401)] "AA Impression Registered for: pendo:sc - new remote access - 20210701 |:closeButtonX:RN_AGCM_Program_300004854", source: https://content.pendo.scopus.com/guide-content/dKdg-1ETkV0CILxRfRAO4_l_7Gc/3mfRlvel5T7NkvMcz4MpUaaD0Ww/6y8O8mGDtwYk48Pqi4B94m2D8b8.guide.js?sha256=qVZn_xzYBqhhvPoEQVxqEZC02zQrybATDGr5wdi1B18 (401)
[0229/172512.446704:INFO:CONSOLE(409)] "Track Event Impression Registered for: pendo:sc - new remote access - 20210701 |:closeButtonX:RN_AGCM_Program_300004854", source: https://content.pendo.scopus.com/guide-content/dKdg-1ETkV0CILxRfRAO4_l_7Gc/3mfRlvel5T7NkvMcz4MpUaaD0Ww/6y8O8mGDtwYk48Pqi4B94m2D8b8.guide.js?sha256=qVZn_xzYBqhhvPoEQVxqEZC02zQrybATDGr5wdi1B18 (409)
[0229/172517.026204:INFO:CONSOLE(6)] "AT: metric element not found [object Object]", source: https://assets.adobedtm.com/4a848ae9611a/8abdb8d26bcc/launch-5ed435cee62b.min.js (6)
[0229/172520.905470:INFO:CONSOLE(12)] "🚀 container.buildInfo.environment is deprecated.Please use `container.environment.stage` instead", source: https://assets.adobedtm.com/4a848ae9611a/8abdb8d26bcc/launch-5ed435cee62b.min.js (12)
[0229/172520.905753:INFO:CONSOLE(12)] "🚀 container.buildInfo.environment is deprecated.Please use `container.environment.stage` instead", source: https://assets.adobedtm.com/4a848ae9611a/8abdb8d26bcc/launch-5ed435cee62b.min.js (12)
[0229/172520.910375:INFO:CONSOLE(12)] "🚀 container.buildInfo.environment is deprecated.Please use `container.environment.stage` instead", source: https://assets.adobedtm.com/4a848ae9611a/8abdb8d26bcc/launch-5ed435cee62b.min.js (12)
[0229/172520.910481:INFO:CONSOLE(12)] "🚀 container.buildInfo.environment is deprecated.Please use `container.environment.stage` instead", source: https://assets.adobedtm.com/4a848ae9611a/8abdb8d26bcc/launch-5ed435cee62b.min.js (12)
[0229/172520.925631:INFO:CONSOLE(5)] "ComponentId: pbj-event-manager; Message: Subscribed to event "confirm-back-link-unsaved" via function: e", source: https://components.scopus.com/www/pbj-scopus-monolith/pbj-scopus-monolith.js (5)
[0229/172520.925764:INFO:CONSOLE(5)] "ComponentId: pbj-event-manager; Message: Subscribed to event "scopus-title-back-link" via function: t", source: https://components.scopus.com/www/pbj-scopus-monolith/pbj-scopus-monolith.js (5)
[0229/172520.925810:INFO:CONSOLE(5)] "ComponentId: pbj-event-manager; Message: Published event "scopus-page-title-ready" with data: true", source: https://components.scopus.com/www/pbj-scopus-monolith/pbj-scopus-monolith.js (5)
[0229/172520.947866:INFO:CONSOLE(5)] "Variant legacy only supports one fixed size currently.", source: https://components.scopus.com/www/global-header/global-header.js (5)
[0229/172520.948038:INFO:CONSOLE(5)] "Variant legacy only supports one fixed size currently.", source: https://components.scopus.com/www/global-header/global-header.js (5)
[0229/172521.082709:INFO:CONSOLE(630)] "Page report :: https://rum.scopus.com/pageReport?cpc=SC&pagetype=recordpage&sdsh=-408283146&tidh=-1946476851&href=https%3A%2F%2Fwww.scopus.com%2Frecord%2Fdisplay.uri%3Feid%3D2-s2.0-85183461217%26doi%3D10.1109%252fMENA-SC54044.2023.10374536%26origin%3Dinward%26txGid%3Da6fec7e872a29fe75643e4177c548a27&navigationStart=1709207719837&unloadEventStart=1709207720530&unloadEventEnd=1709207720534&redirectStart=1709207719837&redirectEnd=1709207720158&fetchStart=1709207720158&domainLookupStart=1709207720158&domainLookupEnd=1709207720158&connectStart=1709207720158&connectEnd=1709207720158&secureConnectionStart=0&requestStart=1709207720159&responseStart=1709207720504&responseEnd=1709207720763&domLoading=1709207720536&domInteractive=1709207720887&domContentLoadedEventStart=1709207720915&domContentLoadedEventEnd=1709207720920&domComplete=1709207720979&loadEventStart=1709207720979&loadEventEnd=1709207720984", source: https://www.scopus.com/gzip_2116112278/bundles/RecordPageBottomMaster.js (630)
[0229/172521.397151:INFO:CONSOLE(353)] "Adobe Campaign ID: RN_AGCM_Program_300004854", source: https://content.pendo.scopus.com/guide-content/dKdg-1ETkV0CILxRfRAO4_l_7Gc/3mfRlvel5T7NkvMcz4MpUaaD0Ww/6y8O8mGDtwYk48Pqi4B94m2D8b8.guide.js?sha256=qVZn_xzYBqhhvPoEQVxqEZC02zQrybATDGr5wdi1B18 (353)
[0229/172521.397282:INFO:CONSOLE(367)] "Adobe Campaign Name: sc - new remote access - 20210701 |", source: https://content.pendo.scopus.com/guide-content/dKdg-1ETkV0CILxRfRAO4_l_7Gc/3mfRlvel5T7NkvMcz4MpUaaD0Ww/6y8O8mGDtwYk48Pqi4B94m2D8b8.guide.js?sha256=qVZn_xzYBqhhvPoEQVxqEZC02zQrybATDGr5wdi1B18 (367)
[0229/172521.397316:INFO:CONSOLE(377)] "Element Path rule is: ", source: https://content.pendo.scopus.com/guide-content/dKdg-1ETkV0CILxRfRAO4_l_7Gc/3mfRlvel5T7NkvMcz4MpUaaD0Ww/6y8O8mGDtwYk48Pqi4B94m2D8b8.guide.js?sha256=qVZn_xzYBqhhvPoEQVxqEZC02zQrybATDGr5wdi1B18 (377)
[0229/172521.397789:INFO:CONSOLE(401)] "AA Impression Registered for: pendo:sc - new remote access - 20210701 |:maybe later:RN_AGCM_Program_300004854", source: https://content.pendo.scopus.com/guide-content/dKdg-1ETkV0CILxRfRAO4_l_7Gc/3mfRlvel5T7NkvMcz4MpUaaD0Ww/6y8O8mGDtwYk48Pqi4B94m2D8b8.guide.js?sha256=qVZn_xzYBqhhvPoEQVxqEZC02zQrybATDGr5wdi1B18 (401)
[0229/172521.398007:INFO:CONSOLE(409)] "Track Event Impression Registered for: pendo:sc - new remote access - 20210701 |:maybe later:RN_AGCM_Program_300004854", source: https://content.pendo.scopus.com/guide-content/dKdg-1ETkV0CILxRfRAO4_l_7Gc/3mfRlvel5T7NkvMcz4MpUaaD0Ww/6y8O8mGDtwYk48Pqi4B94m2D8b8.guide.js?sha256=qVZn_xzYBqhhvPoEQVxqEZC02zQrybATDGr5wdi1B18 (409)
[0229/172521.398197:INFO:CONSOLE(401)] "AA Impression Registered for: pendo:sc - new remote access - 20210701 |:check access:RN_AGCM_Program_300004854", source: https://content.pendo.scopus.com/guide-content/dKdg-1ETkV0CILxRfRAO4_l_7Gc/3mfRlvel5T7NkvMcz4MpUaaD0Ww/6y8O8mGDtwYk48Pqi4B94m2D8b8.guide.js?sha256=qVZn_xzYBqhhvPoEQVxqEZC02zQrybATDGr5wdi1B18 (401)
[0229/172521.398449:INFO:CONSOLE(409)] "Track Event Impression Registered for: pendo:sc - new remote access - 20210701 |:check access:RN_AGCM_Program_300004854", source: https://content.pendo.scopus.com/guide-content/dKdg-1ETkV0CILxRfRAO4_l_7Gc/3mfRlvel5T7NkvMcz4MpUaaD0Ww/6y8O8mGDtwYk48Pqi4B94m2D8b8.guide.js?sha256=qVZn_xzYBqhhvPoEQVxqEZC02zQrybATDGr5wdi1B18 (409)
[0229/172521.398700:INFO:CONSOLE(401)] "AA Impression Registered for: pendo:sc - new remote access - 20210701 |:closeButtonX:RN_AGCM_Program_300004854", source: https://content.pendo.scopus.com/guide-content/dKdg-1ETkV0CILxRfRAO4_l_7Gc/3mfRlvel5T7NkvMcz4MpUaaD0Ww/6y8O8mGDtwYk48Pqi4B94m2D8b8.guide.js?sha256=qVZn_xzYBqhhvPoEQVxqEZC02zQrybATDGr5wdi1B18 (401)
[0229/172521.398820:INFO:CONSOLE(409)] "Track Event Impression Registered for: pendo:sc - new remote access - 20210701 |:closeButtonX:RN_AGCM_Program_300004854", source: https://content.pendo.scopus.com/guide-content/dKdg-1ETkV0CILxRfRAO4_l_7Gc/3mfRlvel5T7NkvMcz4MpUaaD0Ww/6y8O8mGDtwYk48Pqi4B94m2D8b8.guide.js?sha256=qVZn_xzYBqhhvPoEQVxqEZC02zQrybATDGr5wdi1B18 (409)
[0229/172525.972470:INFO:CONSOLE(6)] "AT: metric element not found [object Object]", source: https://assets.adobedtm.com/4a848ae9611a/8abdb8d26bcc/launch-5ed435cee62b.min.js (6)
[0229/172529.996769:INFO:CONSOLE(12)] "🚀 container.buildInfo.environment is deprecated.Please use `container.environment.stage` instead", source: https://assets.adobedtm.com/4a848ae9611a/8abdb8d26bcc/launch-5ed435cee62b.min.js (12)
[0229/172529.996863:INFO:CONSOLE(12)] "🚀 container.buildInfo.environment is deprecated.Please use `container.environment.stage` instead", source: https://assets.adobedtm.com/4a848ae9611a/8abdb8d26bcc/launch-5ed435cee62b.min.js (12)
[0229/172530.002749:INFO:CONSOLE(12)] "🚀 container.buildInfo.environment is deprecated.Please use `container.environment.stage` instead", source: https://assets.adobedtm.com/4a848ae9611a/8abdb8d26bcc/launch-5ed435cee62b.min.js (12)
[0229/172530.002818:INFO:CONSOLE(12)] "🚀 container.buildInfo.environment is deprecated.Please use `container.environment.stage` instead", source: https://assets.adobedtm.com/4a848ae9611a/8abdb8d26bcc/launch-5ed435cee62b.min.js (12)
[0229/172530.017267:INFO:CONSOLE(5)] "ComponentId: pbj-event-manager; Message: Subscribed to event "confirm-back-link-unsaved" via function: e", source: https://components.scopus.com/www/pbj-scopus-monolith/pbj-scopus-monolith.js (5)
[0229/172530.017437:INFO:CONSOLE(5)] "ComponentId: pbj-event-manager; Message: Subscribed to event "scopus-title-back-link" via function: t", source: https://components.scopus.com/www/pbj-scopus-monolith/pbj-scopus-monolith.js (5)
[0229/172530.017630:INFO:CONSOLE(5)] "ComponentId: pbj-event-manager; Message: Published event "scopus-page-title-ready" with data: true", source: https://components.scopus.com/www/pbj-scopus-monolith/pbj-scopus-monolith.js (5)
[0229/172530.024879:INFO:CONSOLE(5)] "Variant legacy only supports one fixed size currently.", source: https://components.scopus.com/www/global-header/global-header.js (5)
[0229/172530.024952:INFO:CONSOLE(5)] "Variant legacy only supports one fixed size currently.", source: https://components.scopus.com/www/global-header/global-header.js (5)
[0229/172530.144071:INFO:CONSOLE(630)] "Page report :: https://rum.scopus.com/pageReport?cpc=SC&pagetype=recordpage&sdsh=-408283146&tidh=-1946476848&href=https%3A%2F%2Fwww.scopus.com%2Frecord%2Fdisplay.uri%3Feid%3D2-s2.0-85183462788%26doi%3D10.1109%252fMENA-SC54044.2023.10374473%26origin%3Dinward%26txGid%3D623322e9bbbd637879c4e20c715682f6&navigationStart=1709207728956&unloadEventStart=1709207729611&unloadEventEnd=1709207729617&redirectStart=1709207728957&redirectEnd=1709207729259&fetchStart=1709207729259&domainLookupStart=1709207729259&domainLookupEnd=1709207729259&connectStart=1709207729259&connectEnd=1709207729259&secureConnectionStart=0&requestStart=1709207729260&responseStart=1709207729592&responseEnd=1709207729854&domLoading=1709207729620&domInteractive=1709207729981&domContentLoadedEventStart=1709207730009&domContentLoadedEventEnd=1709207730015&domComplete=1709207730040&loadEventStart=1709207730040&loadEventEnd=1709207730043", source: https://www.scopus.com/gzip_2116112278/bundles/RecordPageBottomMaster.js (630)
[0229/172531.099530:INFO:CONSOLE(353)] "Adobe Campaign ID: RN_AGCM_Program_300004854", source: https://content.pendo.scopus.com/guide-content/dKdg-1ETkV0CILxRfRAO4_l_7Gc/3mfRlvel5T7NkvMcz4MpUaaD0Ww/6y8O8mGDtwYk48Pqi4B94m2D8b8.guide.js?sha256=qVZn_xzYBqhhvPoEQVxqEZC02zQrybATDGr5wdi1B18 (353)
[0229/172531.099789:INFO:CONSOLE(367)] "Adobe Campaign Name: sc - new remote access - 20210701 |", source: https://content.pendo.scopus.com/guide-content/dKdg-1ETkV0CILxRfRAO4_l_7Gc/3mfRlvel5T7NkvMcz4MpUaaD0Ww/6y8O8mGDtwYk48Pqi4B94m2D8b8.guide.js?sha256=qVZn_xzYBqhhvPoEQVxqEZC02zQrybATDGr5wdi1B18 (367)
[0229/172531.099863:INFO:CONSOLE(377)] "Element Path rule is: ", source: https://content.pendo.scopus.com/guide-content/dKdg-1ETkV0CILxRfRAO4_l_7Gc/3mfRlvel5T7NkvMcz4MpUaaD0Ww/6y8O8mGDtwYk48Pqi4B94m2D8b8.guide.js?sha256=qVZn_xzYBqhhvPoEQVxqEZC02zQrybATDGr5wdi1B18 (377)
[0229/172531.100873:INFO:CONSOLE(401)] "AA Impression Registered for: pendo:sc - new remote access - 20210701 |:maybe later:RN_AGCM_Program_300004854", source: https://content.pendo.scopus.com/guide-content/dKdg-1ETkV0CILxRfRAO4_l_7Gc/3mfRlvel5T7NkvMcz4MpUaaD0Ww/6y8O8mGDtwYk48Pqi4B94m2D8b8.guide.js?sha256=qVZn_xzYBqhhvPoEQVxqEZC02zQrybATDGr5wdi1B18 (401)
[0229/172531.101316:INFO:CONSOLE(409)] "Track Event Impression Registered for: pendo:sc - new remote access - 20210701 |:maybe later:RN_AGCM_Program_300004854", source: https://content.pendo.scopus.com/guide-content/dKdg-1ETkV0CILxRfRAO4_l_7Gc/3mfRlvel5T7NkvMcz4MpUaaD0Ww/6y8O8mGDtwYk48Pqi4B94m2D8b8.guide.js?sha256=qVZn_xzYBqhhvPoEQVxqEZC02zQrybATDGr5wdi1B18 (409)
[0229/172531.101751:INFO:CONSOLE(401)] "AA Impression Registered for: pendo:sc - new remote access - 20210701 |:check access:RN_AGCM_Program_300004854", source: https://content.pendo.scopus.com/guide-content/dKdg-1ETkV0CILxRfRAO4_l_7Gc/3mfRlvel5T7NkvMcz4MpUaaD0Ww/6y8O8mGDtwYk48Pqi4B94m2D8b8.guide.js?sha256=qVZn_xzYBqhhvPoEQVxqEZC02zQrybATDGr5wdi1B18 (401)
[0229/172531.102079:INFO:CONSOLE(409)] "Track Event Impression Registered for: pendo:sc - new remote access - 20210701 |:check access:RN_AGCM_Program_300004854", source: https://content.pendo.scopus.com/guide-content/dKdg-1ETkV0CILxRfRAO4_l_7Gc/3mfRlvel5T7NkvMcz4MpUaaD0Ww/6y8O8mGDtwYk48Pqi4B94m2D8b8.guide.js?sha256=qVZn_xzYBqhhvPoEQVxqEZC02zQrybATDGr5wdi1B18 (409)
[0229/172531.102659:INFO:CONSOLE(401)] "AA Impression Registered for: pendo:sc - new remote access - 20210701 |:closeButtonX:RN_AGCM_Program_300004854", source: https://content.pendo.scopus.com/guide-content/dKdg-1ETkV0CILxRfRAO4_l_7Gc/3mfRlvel5T7NkvMcz4MpUaaD0Ww/6y8O8mGDtwYk48Pqi4B94m2D8b8.guide.js?sha256=qVZn_xzYBqhhvPoEQVxqEZC02zQrybATDGr5wdi1B18 (401)
[0229/172531.103010:INFO:CONSOLE(409)] "Track Event Impression Registered for: pendo:sc - new remote access - 20210701 |:closeButtonX:RN_AGCM_Program_300004854", source: https://content.pendo.scopus.com/guide-content/dKdg-1ETkV0CILxRfRAO4_l_7Gc/3mfRlvel5T7NkvMcz4MpUaaD0Ww/6y8O8mGDtwYk48Pqi4B94m2D8b8.guide.js?sha256=qVZn_xzYBqhhvPoEQVxqEZC02zQrybATDGr5wdi1B18 (409)
[0229/172535.053282:INFO:CONSOLE(6)] "AT: metric element not found [object Object]", source: https://assets.adobedtm.com/4a848ae9611a/8abdb8d26bcc/launch-5ed435cee62b.min.js (6)
[0229/172539.034320:INFO:CONSOLE(12)] "🚀 container.buildInfo.environment is deprecated.Please use `container.environment.stage` instead", source: https://assets.adobedtm.com/4a848ae9611a/8abdb8d26bcc/launch-5ed435cee62b.min.js (12)
[0229/172539.034421:INFO:CONSOLE(12)] "🚀 container.buildInfo.environment is deprecated.Please use `container.environment.stage` instead", source: https://assets.adobedtm.com/4a848ae9611a/8abdb8d26bcc/launch-5ed435cee62b.min.js (12)
[0229/172539.038637:INFO:CONSOLE(12)] "🚀 container.buildInfo.environment is deprecated.Please use `container.environment.stage` instead", source: https://assets.adobedtm.com/4a848ae9611a/8abdb8d26bcc/launch-5ed435cee62b.min.js (12)
[0229/172539.038703:INFO:CONSOLE(12)] "🚀 container.buildInfo.environment is deprecated.Please use `container.environment.stage` instead", source: https://assets.adobedtm.com/4a848ae9611a/8abdb8d26bcc/launch-5ed435cee62b.min.js (12)
[0229/172539.051126:INFO:CONSOLE(5)] "ComponentId: pbj-event-manager; Message: Subscribed to event "confirm-back-link-unsaved" via function: e", source: https://components.scopus.com/www/pbj-scopus-monolith/pbj-scopus-monolith.js (5)
[0229/172539.051222:INFO:CONSOLE(5)] "ComponentId: pbj-event-manager; Message: Subscribed to event "scopus-title-back-link" via function: t", source: https://components.scopus.com/www/pbj-scopus-monolith/pbj-scopus-monolith.js (5)
[0229/172539.051292:INFO:CONSOLE(5)] "ComponentId: pbj-event-manager; Message: Published event "scopus-page-title-ready" with data: true", source: https://components.scopus.com/www/pbj-scopus-monolith/pbj-scopus-monolith.js (5)
[0229/172539.057535:INFO:CONSOLE(5)] "Variant legacy only supports one fixed size currently.", source: https://components.scopus.com/www/global-header/global-header.js (5)
[0229/172539.057625:INFO:CONSOLE(5)] "Variant legacy only supports one fixed size currently.", source: https://components.scopus.com/www/global-header/global-header.js (5)
[0229/172539.175948:INFO:CONSOLE(630)] "Page report :: https://rum.scopus.com/pageReport?cpc=SC&pagetype=recordpage&sdsh=-408283146&tidh=-1946476845&href=https%3A%2F%2Fwww.scopus.com%2Frecord%2Fdisplay.uri%3Feid%3D2-s2.0-84923165904%26doi%3D10.1109%252fCIBEC.2014.7020934%26origin%3Dinward%26txGid%3Ddd94b05b4306346555e160ebe25d8623&navigationStart=1709207737958&unloadEventStart=1709207738648&unloadEventEnd=1709207738655&redirectStart=1709207737958&redirectEnd=1709207738261&fetchStart=1709207738261&domainLookupStart=1709207738261&domainLookupEnd=1709207738261&connectStart=1709207738261&connectEnd=1709207738261&secureConnectionStart=0&requestStart=1709207738262&responseStart=1709207738630&responseEnd=1709207738668&domLoading=1709207738656&domInteractive=1709207739018&domContentLoadedEventStart=1709207739043&domContentLoadedEventEnd=1709207739047&domComplete=1709207739073&loadEventStart=1709207739073&loadEventEnd=1709207739076", source: https://www.scopus.com/gzip_2116112278/bundles/RecordPageBottomMaster.js (630)
[0229/172539.488557:INFO:CONSOLE(353)] "Adobe Campaign ID: RN_AGCM_Program_300004854", source: https://content.pendo.scopus.com/guide-content/dKdg-1ETkV0CILxRfRAO4_l_7Gc/3mfRlvel5T7NkvMcz4MpUaaD0Ww/6y8O8mGDtwYk48Pqi4B94m2D8b8.guide.js?sha256=qVZn_xzYBqhhvPoEQVxqEZC02zQrybATDGr5wdi1B18 (353)
[0229/172539.488783:INFO:CONSOLE(367)] "Adobe Campaign Name: sc - new remote access - 20210701 |", source: https://content.pendo.scopus.com/guide-content/dKdg-1ETkV0CILxRfRAO4_l_7Gc/3mfRlvel5T7NkvMcz4MpUaaD0Ww/6y8O8mGDtwYk48Pqi4B94m2D8b8.guide.js?sha256=qVZn_xzYBqhhvPoEQVxqEZC02zQrybATDGr5wdi1B18 (367)
[0229/172539.488859:INFO:CONSOLE(377)] "Element Path rule is: ", source: https://content.pendo.scopus.com/guide-content/dKdg-1ETkV0CILxRfRAO4_l_7Gc/3mfRlvel5T7NkvMcz4MpUaaD0Ww/6y8O8mGDtwYk48Pqi4B94m2D8b8.guide.js?sha256=qVZn_xzYBqhhvPoEQVxqEZC02zQrybATDGr5wdi1B18 (377)
[0229/172539.489903:INFO:CONSOLE(401)] "AA Impression Registered for: pendo:sc - new remote access - 20210701 |:maybe later:RN_AGCM_Program_300004854", source: https://content.pendo.scopus.com/guide-content/dKdg-1ETkV0CILxRfRAO4_l_7Gc/3mfRlvel5T7NkvMcz4MpUaaD0Ww/6y8O8mGDtwYk48Pqi4B94m2D8b8.guide.js?sha256=qVZn_xzYBqhhvPoEQVxqEZC02zQrybATDGr5wdi1B18 (401)
[0229/172539.490480:INFO:CONSOLE(409)] "Track Event Impression Registered for: pendo:sc - new remote access - 20210701 |:maybe later:RN_AGCM_Program_300004854", source: https://content.pendo.scopus.com/guide-content/dKdg-1ETkV0CILxRfRAO4_l_7Gc/3mfRlvel5T7NkvMcz4MpUaaD0Ww/6y8O8mGDtwYk48Pqi4B94m2D8b8.guide.js?sha256=qVZn_xzYBqhhvPoEQVxqEZC02zQrybATDGr5wdi1B18 (409)
[0229/172539.491004:INFO:CONSOLE(401)] "AA Impression Registered for: pendo:sc - new remote access - 20210701 |:check access:RN_AGCM_Program_300004854", source: https://content.pendo.scopus.com/guide-content/dKdg-1ETkV0CILxRfRAO4_l_7Gc/3mfRlvel5T7NkvMcz4MpUaaD0Ww/6y8O8mGDtwYk48Pqi4B94m2D8b8.guide.js?sha256=qVZn_xzYBqhhvPoEQVxqEZC02zQrybATDGr5wdi1B18 (401)
[0229/172539.491341:INFO:CONSOLE(409)] "Track Event Impression Registered for: pendo:sc - new remote access - 20210701 |:check access:RN_AGCM_Program_300004854", source: https://content.pendo.scopus.com/guide-content/dKdg-1ETkV0CILxRfRAO4_l_7Gc/3mfRlvel5T7NkvMcz4MpUaaD0Ww/6y8O8mGDtwYk48Pqi4B94m2D8b8.guide.js?sha256=qVZn_xzYBqhhvPoEQVxqEZC02zQrybATDGr5wdi1B18 (409)
[0229/172539.491941:INFO:CONSOLE(401)] "AA Impression Registered for: pendo:sc - new remote access - 20210701 |:closeButtonX:RN_AGCM_Program_300004854", source: https://content.pendo.scopus.com/guide-content/dKdg-1ETkV0CILxRfRAO4_l_7Gc/3mfRlvel5T7NkvMcz4MpUaaD0Ww/6y8O8mGDtwYk48Pqi4B94m2D8b8.guide.js?sha256=qVZn_xzYBqhhvPoEQVxqEZC02zQrybATDGr5wdi1B18 (401)
[0229/172539.492243:INFO:CONSOLE(409)] "Track Event Impression Registered for: pendo:sc - new remote access - 20210701 |:closeButtonX:RN_AGCM_Program_300004854", source: https://content.pendo.scopus.com/guide-content/dKdg-1ETkV0CILxRfRAO4_l_7Gc/3mfRlvel5T7NkvMcz4MpUaaD0Ww/6y8O8mGDtwYk48Pqi4B94m2D8b8.guide.js?sha256=qVZn_xzYBqhhvPoEQVxqEZC02zQrybATDGr5wdi1B18 (409)
[0229/172544.148585:INFO:CONSOLE(6)] "AT: metric element not found [object Object]", source: https://assets.adobedtm.com/4a848ae9611a/8abdb8d26bcc/launch-5ed435cee62b.min.js (6)
[0229/172549.579869:INFO:CONSOLE(12)] "🚀 container.buildInfo.environment is deprecated.Please use `container.environment.stage` instead", source: https://assets.adobedtm.com/4a848ae9611a/8abdb8d26bcc/launch-5ed435cee62b.min.js (12)
[0229/172549.580160:INFO:CONSOLE(12)] "🚀 container.buildInfo.environment is deprecated.Please use `container.environment.stage` instead", source: https://assets.adobedtm.com/4a848ae9611a/8abdb8d26bcc/launch-5ed435cee62b.min.js (12)
[0229/172549.584645:INFO:CONSOLE(12)] "🚀 container.buildInfo.environment is deprecated.Please use `container.environment.stage` instead", source: https://assets.adobedtm.com/4a848ae9611a/8abdb8d26bcc/launch-5ed435cee62b.min.js (12)
[0229/172549.584707:INFO:CONSOLE(12)] "🚀 container.buildInfo.environment is deprecated.Please use `container.environment.stage` instead", source: https://assets.adobedtm.com/4a848ae9611a/8abdb8d26bcc/launch-5ed435cee62b.min.js (12)
[0229/172549.596442:INFO:CONSOLE(5)] "ComponentId: pbj-event-manager; Message: Subscribed to event "confirm-back-link-unsaved" via function: e", source: https://components.scopus.com/www/pbj-scopus-monolith/pbj-scopus-monolith.js (5)
[0229/172549.596514:INFO:CONSOLE(5)] "ComponentId: pbj-event-manager; Message: Subscribed to event "scopus-title-back-link" via function: t", source: https://components.scopus.com/www/pbj-scopus-monolith/pbj-scopus-monolith.js (5)
[0229/172549.596548:INFO:CONSOLE(5)] "ComponentId: pbj-event-manager; Message: Published event "scopus-page-title-ready" with data: true", source: https://components.scopus.com/www/pbj-scopus-monolith/pbj-scopus-monolith.js (5)
[0229/172549.604345:INFO:CONSOLE(5)] "Variant legacy only supports one fixed size currently.", source: https://components.scopus.com/www/global-header/global-header.js (5)
[0229/172549.604448:INFO:CONSOLE(5)] "Variant legacy only supports one fixed size currently.", source: https://components.scopus.com/www/global-header/global-header.js (5)
[0229/172549.730305:INFO:CONSOLE(630)] "Page report :: https://rum.scopus.com/pageReport?cpc=SC&pagetype=recordpage&sdsh=-408283146&tidh=-1946476821&href=https%3A%2F%2Fwww.scopus.com%2Frecord%2Fdisplay.uri%3Feid%3D2-s2.0-85183460928%26doi%3D10.1109%252fMENA-SC54044.2023.10374534%26origin%3Dinward%26txGid%3D90147bf5946c74a68786fac80d9b496d&navigationStart=1709207748528&unloadEventStart=1709207749184&unloadEventEnd=1709207749192&redirectStart=1709207748529&redirectEnd=1709207748826&fetchStart=1709207748826&domainLookupStart=1709207748826&domainLookupEnd=1709207748826&connectStart=1709207748826&connectEnd=1709207748826&secureConnectionStart=0&requestStart=1709207748827&responseStart=1709207749161&responseEnd=1709207749170&domLoading=1709207749196&domInteractive=1709207749560&domContentLoadedEventStart=1709207749589&domContentLoadedEventEnd=1709207749593&domComplete=1709207749626&loadEventStart=1709207749626&loadEventEnd=1709207749629", source: https://www.scopus.com/gzip_2116112278/bundles/RecordPageBottomMaster.js (630)
[0229/172550.066112:INFO:CONSOLE(353)] "Adobe Campaign ID: RN_AGCM_Program_300004854", source: https://content.pendo.scopus.com/guide-content/dKdg-1ETkV0CILxRfRAO4_l_7Gc/3mfRlvel5T7NkvMcz4MpUaaD0Ww/6y8O8mGDtwYk48Pqi4B94m2D8b8.guide.js?sha256=qVZn_xzYBqhhvPoEQVxqEZC02zQrybATDGr5wdi1B18 (353)
[0229/172550.066378:INFO:CONSOLE(367)] "Adobe Campaign Name: sc - new remote access - 20210701 |", source: https://content.pendo.scopus.com/guide-content/dKdg-1ETkV0CILxRfRAO4_l_7Gc/3mfRlvel5T7NkvMcz4MpUaaD0Ww/6y8O8mGDtwYk48Pqi4B94m2D8b8.guide.js?sha256=qVZn_xzYBqhhvPoEQVxqEZC02zQrybATDGr5wdi1B18 (367)
[0229/172550.066471:INFO:CONSOLE(377)] "Element Path rule is: ", source: https://content.pendo.scopus.com/guide-content/dKdg-1ETkV0CILxRfRAO4_l_7Gc/3mfRlvel5T7NkvMcz4MpUaaD0Ww/6y8O8mGDtwYk48Pqi4B94m2D8b8.guide.js?sha256=qVZn_xzYBqhhvPoEQVxqEZC02zQrybATDGr5wdi1B18 (377)
[0229/172550.067652:INFO:CONSOLE(401)] "AA Impression Registered for: pendo:sc - new remote access - 20210701 |:maybe later:RN_AGCM_Program_300004854", source: https://content.pendo.scopus.com/guide-content/dKdg-1ETkV0CILxRfRAO4_l_7Gc/3mfRlvel5T7NkvMcz4MpUaaD0Ww/6y8O8mGDtwYk48Pqi4B94m2D8b8.guide.js?sha256=qVZn_xzYBqhhvPoEQVxqEZC02zQrybATDGr5wdi1B18 (401)
[0229/172550.068161:INFO:CONSOLE(409)] "Track Event Impression Registered for: pendo:sc - new remote access - 20210701 |:maybe later:RN_AGCM_Program_300004854", source: https://content.pendo.scopus.com/guide-content/dKdg-1ETkV0CILxRfRAO4_l_7Gc/3mfRlvel5T7NkvMcz4MpUaaD0Ww/6y8O8mGDtwYk48Pqi4B94m2D8b8.guide.js?sha256=qVZn_xzYBqhhvPoEQVxqEZC02zQrybATDGr5wdi1B18 (409)
[0229/172550.068662:INFO:CONSOLE(401)] "AA Impression Registered for: pendo:sc - new remote access - 20210701 |:check access:RN_AGCM_Program_300004854", source: https://content.pendo.scopus.com/guide-content/dKdg-1ETkV0CILxRfRAO4_l_7Gc/3mfRlvel5T7NkvMcz4MpUaaD0Ww/6y8O8mGDtwYk48Pqi4B94m2D8b8.guide.js?sha256=qVZn_xzYBqhhvPoEQVxqEZC02zQrybATDGr5wdi1B18 (401)
[0229/172550.069048:INFO:CONSOLE(409)] "Track Event Impression Registered for: pendo:sc - new remote access - 20210701 |:check access:RN_AGCM_Program_300004854", source: https://content.pendo.scopus.com/guide-content/dKdg-1ETkV0CILxRfRAO4_l_7Gc/3mfRlvel5T7NkvMcz4MpUaaD0Ww/6y8O8mGDtwYk48Pqi4B94m2D8b8.guide.js?sha256=qVZn_xzYBqhhvPoEQVxqEZC02zQrybATDGr5wdi1B18 (409)
[0229/172550.069719:INFO:CONSOLE(401)] "AA Impression Registered for: pendo:sc - new remote access - 20210701 |:closeButtonX:RN_AGCM_Program_300004854", source: https://content.pendo.scopus.com/guide-content/dKdg-1ETkV0CILxRfRAO4_l_7Gc/3mfRlvel5T7NkvMcz4MpUaaD0Ww/6y8O8mGDtwYk48Pqi4B94m2D8b8.guide.js?sha256=qVZn_xzYBqhhvPoEQVxqEZC02zQrybATDGr5wdi1B18 (401)
[0229/172550.070021:INFO:CONSOLE(409)] "Track Event Impression Registered for: pendo:sc - new remote access - 20210701 |:closeButtonX:RN_AGCM_Program_300004854", source: https://content.pendo.scopus.com/guide-content/dKdg-1ETkV0CILxRfRAO4_l_7Gc/3mfRlvel5T7NkvMcz4MpUaaD0Ww/6y8O8mGDtwYk48Pqi4B94m2D8b8.guide.js?sha256=qVZn_xzYBqhhvPoEQVxqEZC02zQrybATDGr5wdi1B18 (409)
[0229/172554.656511:INFO:CONSOLE(6)] "AT: metric element not found [object Object]", source: https://assets.adobedtm.com/4a848ae9611a/8abdb8d26bcc/launch-5ed435cee62b.min.js (6)
[0229/172558.988145:INFO:CONSOLE(12)] "🚀 container.buildInfo.environment is deprecated.Please use `container.environment.stage` instead", source: https://assets.adobedtm.com/4a848ae9611a/8abdb8d26bcc/launch-5ed435cee62b.min.js (12)
[0229/172558.988352:INFO:CONSOLE(12)] "🚀 container.buildInfo.environment is deprecated.Please use `container.environment.stage` instead", source: https://assets.adobedtm.com/4a848ae9611a/8abdb8d26bcc/launch-5ed435cee62b.min.js (12)
[0229/172558.992263:INFO:CONSOLE(12)] "🚀 container.buildInfo.environment is deprecated.Please use `container.environment.stage` instead", source: https://assets.adobedtm.com/4a848ae9611a/8abdb8d26bcc/launch-5ed435cee62b.min.js (12)
[0229/172558.992324:INFO:CONSOLE(12)] "🚀 container.buildInfo.environment is deprecated.Please use `container.environment.stage` instead", source: https://assets.adobedtm.com/4a848ae9611a/8abdb8d26bcc/launch-5ed435cee62b.min.js (12)
[0229/172559.011742:INFO:CONSOLE(5)] "ComponentId: pbj-event-manager; Message: Subscribed to event "confirm-back-link-unsaved" via function: e", source: https://components.scopus.com/www/pbj-scopus-monolith/pbj-scopus-monolith.js (5)
[0229/172559.011817:INFO:CONSOLE(5)] "ComponentId: pbj-event-manager; Message: Subscribed to event "scopus-title-back-link" via function: t", source: https://components.scopus.com/www/pbj-scopus-monolith/pbj-scopus-monolith.js (5)
[0229/172559.011914:INFO:CONSOLE(5)] "ComponentId: pbj-event-manager; Message: Published event "scopus-page-title-ready" with data: true", source: https://components.scopus.com/www/pbj-scopus-monolith/pbj-scopus-monolith.js (5)
[0229/172559.021310:INFO:CONSOLE(5)] "Variant legacy only supports one fixed size currently.", source: https://components.scopus.com/www/global-header/global-header.js (5)
[0229/172559.021400:INFO:CONSOLE(5)] "Variant legacy only supports one fixed size currently.", source: https://components.scopus.com/www/global-header/global-header.js (5)
[0229/172559.144566:INFO:CONSOLE(630)] "Page report :: https://rum.scopus.com/pageReport?cpc=SC&pagetype=recordpage&sdsh=-408283146&tidh=-1946476818&href=https%3A%2F%2Fwww.scopus.com%2Frecord%2Fdisplay.uri%3Feid%3D2-s2.0-84923204634%26doi%3D10.1109%252fCIBEC.2014.7020959%26origin%3Dinward%26txGid%3D8ecd38509c2fed5eb25aeeaf6cfa0e59&navigationStart=1709207757901&unloadEventStart=1709207758592&unloadEventEnd=1709207758602&redirectStart=1709207757901&redirectEnd=1709207758213&fetchStart=1709207758213&domainLookupStart=1709207758213&domainLookupEnd=1709207758213&connectStart=1709207758213&connectEnd=1709207758213&secureConnectionStart=0&requestStart=1709207758214&responseStart=1709207758568&responseEnd=1709207758593&domLoading=1709207758605&domInteractive=1709207758974&domContentLoadedEventStart=1709207758996&domContentLoadedEventEnd=1709207759000&domComplete=1709207759040&loadEventStart=1709207759040&loadEventEnd=1709207759044", source: https://www.scopus.com/gzip_2116112278/bundles/RecordPageBottomMaster.js (630)
[0229/172559.460464:INFO:CONSOLE(353)] "Adobe Campaign ID: RN_AGCM_Program_300004854", source: https://content.pendo.scopus.com/guide-content/dKdg-1ETkV0CILxRfRAO4_l_7Gc/3mfRlvel5T7NkvMcz4MpUaaD0Ww/6y8O8mGDtwYk48Pqi4B94m2D8b8.guide.js?sha256=qVZn_xzYBqhhvPoEQVxqEZC02zQrybATDGr5wdi1B18 (353)
[0229/172559.460684:INFO:CONSOLE(367)] "Adobe Campaign Name: sc - new remote access - 20210701 |", source: https://content.pendo.scopus.com/guide-content/dKdg-1ETkV0CILxRfRAO4_l_7Gc/3mfRlvel5T7NkvMcz4MpUaaD0Ww/6y8O8mGDtwYk48Pqi4B94m2D8b8.guide.js?sha256=qVZn_xzYBqhhvPoEQVxqEZC02zQrybATDGr5wdi1B18 (367)
[0229/172559.460774:INFO:CONSOLE(377)] "Element Path rule is: ", source: https://content.pendo.scopus.com/guide-content/dKdg-1ETkV0CILxRfRAO4_l_7Gc/3mfRlvel5T7NkvMcz4MpUaaD0Ww/6y8O8mGDtwYk48Pqi4B94m2D8b8.guide.js?sha256=qVZn_xzYBqhhvPoEQVxqEZC02zQrybATDGr5wdi1B18 (377)
[0229/172559.461843:INFO:CONSOLE(401)] "AA Impression Registered for: pendo:sc - new remote access - 20210701 |:maybe later:RN_AGCM_Program_300004854", source: https://content.pendo.scopus.com/guide-content/dKdg-1ETkV0CILxRfRAO4_l_7Gc/3mfRlvel5T7NkvMcz4MpUaaD0Ww/6y8O8mGDtwYk48Pqi4B94m2D8b8.guide.js?sha256=qVZn_xzYBqhhvPoEQVxqEZC02zQrybATDGr5wdi1B18 (401)
[0229/172559.462263:INFO:CONSOLE(409)] "Track Event Impression Registered for: pendo:sc - new remote access - 20210701 |:maybe later:RN_AGCM_Program_300004854", source: https://content.pendo.scopus.com/guide-content/dKdg-1ETkV0CILxRfRAO4_l_7Gc/3mfRlvel5T7NkvMcz4MpUaaD0Ww/6y8O8mGDtwYk48Pqi4B94m2D8b8.guide.js?sha256=qVZn_xzYBqhhvPoEQVxqEZC02zQrybATDGr5wdi1B18 (409)
[0229/172559.462657:INFO:CONSOLE(401)] "AA Impression Registered for: pendo:sc - new remote access - 20210701 |:check access:RN_AGCM_Program_300004854", source: https://content.pendo.scopus.com/guide-content/dKdg-1ETkV0CILxRfRAO4_l_7Gc/3mfRlvel5T7NkvMcz4MpUaaD0Ww/6y8O8mGDtwYk48Pqi4B94m2D8b8.guide.js?sha256=qVZn_xzYBqhhvPoEQVxqEZC02zQrybATDGr5wdi1B18 (401)
[0229/172559.462966:INFO:CONSOLE(409)] "Track Event Impression Registered for: pendo:sc - new remote access - 20210701 |:check access:RN_AGCM_Program_300004854", source: https://content.pendo.scopus.com/guide-content/dKdg-1ETkV0CILxRfRAO4_l_7Gc/3mfRlvel5T7NkvMcz4MpUaaD0Ww/6y8O8mGDtwYk48Pqi4B94m2D8b8.guide.js?sha256=qVZn_xzYBqhhvPoEQVxqEZC02zQrybATDGr5wdi1B18 (409)
[0229/172559.463543:INFO:CONSOLE(401)] "AA Impression Registered for: pendo:sc - new remote access - 20210701 |:closeButtonX:RN_AGCM_Program_300004854", source: https://content.pendo.scopus.com/guide-content/dKdg-1ETkV0CILxRfRAO4_l_7Gc/3mfRlvel5T7NkvMcz4MpUaaD0Ww/6y8O8mGDtwYk48Pqi4B94m2D8b8.guide.js?sha256=qVZn_xzYBqhhvPoEQVxqEZC02zQrybATDGr5wdi1B18 (401)
[0229/172559.463826:INFO:CONSOLE(409)] "Track Event Impression Registered for: pendo:sc - new remote access - 20210701 |:closeButtonX:RN_AGCM_Program_300004854", source: https://content.pendo.scopus.com/guide-content/dKdg-1ETkV0CILxRfRAO4_l_7Gc/3mfRlvel5T7NkvMcz4MpUaaD0Ww/6y8O8mGDtwYk48Pqi4B94m2D8b8.guide.js?sha256=qVZn_xzYBqhhvPoEQVxqEZC02zQrybATDGr5wdi1B18 (409)
[0229/172604.101047:INFO:CONSOLE(6)] "AT: metric element not found [object Object]", source: https://assets.adobedtm.com/4a848ae9611a/8abdb8d26bcc/launch-5ed435cee62b.min.js (6)
[0229/172608.734253:INFO:CONSOLE(405)] "Uncaught TypeError: Cannot read properties of null (reading 'style')", source: https://www.scopus.com/record/display.uri?eid=2-s2.0-85183598230&origin=inward&txGid=c7f546ef7a8726f80808f7f4fcbacb43 (405)
[0229/172608.758820:INFO:CONSOLE(12)] "🚀 container.buildInfo.environment is deprecated.Please use `container.environment.stage` instead", source: https://assets.adobedtm.com/4a848ae9611a/8abdb8d26bcc/launch-5ed435cee62b.min.js (12)
[0229/172608.758903:INFO:CONSOLE(12)] "🚀 container.buildInfo.environment is deprecated.Please use `container.environment.stage` instead", source: https://assets.adobedtm.com/4a848ae9611a/8abdb8d26bcc/launch-5ed435cee62b.min.js (12)
[0229/172608.766051:INFO:CONSOLE(12)] "🚀 container.buildInfo.environment is deprecated.Please use `container.environment.stage` instead", source: https://assets.adobedtm.com/4a848ae9611a/8abdb8d26bcc/launch-5ed435cee62b.min.js (12)
[0229/172608.766130:INFO:CONSOLE(12)] "🚀 container.buildInfo.environment is deprecated.Please use `container.environment.stage` instead", source: https://assets.adobedtm.com/4a848ae9611a/8abdb8d26bcc/launch-5ed435cee62b.min.js (12)
[0229/172608.778061:INFO:CONSOLE(5)] "ComponentId: pbj-event-manager; Message: Subscribed to event "confirm-back-link-unsaved" via function: e", source: https://components.scopus.com/www/pbj-scopus-monolith/pbj-scopus-monolith.js (5)
[0229/172608.778167:INFO:CONSOLE(5)] "ComponentId: pbj-event-manager; Message: Subscribed to event "scopus-title-back-link" via function: t", source: https://components.scopus.com/www/pbj-scopus-monolith/pbj-scopus-monolith.js (5)
[0229/172608.778193:INFO:CONSOLE(5)] "ComponentId: pbj-event-manager; Message: Published event "scopus-page-title-ready" with data: true", source: https://components.scopus.com/www/pbj-scopus-monolith/pbj-scopus-monolith.js (5)
[0229/172608.789954:INFO:CONSOLE(5)] "Variant legacy only supports one fixed size currently.", source: https://components.scopus.com/www/global-header/global-header.js (5)
[0229/172608.790038:INFO:CONSOLE(5)] "Variant legacy only supports one fixed size currently.", source: https://components.scopus.com/www/global-header/global-header.js (5)
[0229/172608.926582:INFO:CONSOLE(630)] "Page report :: https://rum.scopus.com/pageReport?cpc=SC&pagetype=recordpage&sdsh=-408283146&tidh=-1946476815&href=https%3A%2F%2Fwww.scopus.com%2Frecord%2Fdisplay.uri%3Feid%3D2-s2.0-85183598230%26origin%3Dinward%26txGid%3Dc7f546ef7a8726f80808f7f4fcbacb43&navigationStart=1709207767718&unloadEventStart=1709207768377&unloadEventEnd=1709207768386&redirectStart=1709207767718&redirectEnd=1709207768026&fetchStart=1709207768026&domainLookupStart=1709207768026&domainLookupEnd=1709207768026&connectStart=1709207768026&connectEnd=1709207768026&secureConnectionStart=0&requestStart=1709207768027&responseStart=1709207768358&responseEnd=1709207768672&domLoading=1709207768388&domInteractive=1709207768744&domContentLoadedEventStart=1709207768771&domContentLoadedEventEnd=1709207768774&domComplete=1709207768822&loadEventStart=1709207768822&loadEventEnd=1709207768825", source: https://www.scopus.com/gzip_2116112278/bundles/RecordPageBottomMaster.js (630)
[0229/172609.253823:INFO:CONSOLE(353)] "Adobe Campaign ID: RN_AGCM_Program_300004854", source: https://content.pendo.scopus.com/guide-content/dKdg-1ETkV0CILxRfRAO4_l_7Gc/3mfRlvel5T7NkvMcz4MpUaaD0Ww/6y8O8mGDtwYk48Pqi4B94m2D8b8.guide.js?sha256=qVZn_xzYBqhhvPoEQVxqEZC02zQrybATDGr5wdi1B18 (353)
[0229/172609.254106:INFO:CONSOLE(367)] "Adobe Campaign Name: sc - new remote access - 20210701 |", source: https://content.pendo.scopus.com/guide-content/dKdg-1ETkV0CILxRfRAO4_l_7Gc/3mfRlvel5T7NkvMcz4MpUaaD0Ww/6y8O8mGDtwYk48Pqi4B94m2D8b8.guide.js?sha256=qVZn_xzYBqhhvPoEQVxqEZC02zQrybATDGr5wdi1B18 (367)
[0229/172609.254204:INFO:CONSOLE(377)] "Element Path rule is: ", source: https://content.pendo.scopus.com/guide-content/dKdg-1ETkV0CILxRfRAO4_l_7Gc/3mfRlvel5T7NkvMcz4MpUaaD0Ww/6y8O8mGDtwYk48Pqi4B94m2D8b8.guide.js?sha256=qVZn_xzYBqhhvPoEQVxqEZC02zQrybATDGr5wdi1B18 (377)
[0229/172609.255341:INFO:CONSOLE(401)] "AA Impression Registered for: pendo:sc - new remote access - 20210701 |:maybe later:RN_AGCM_Program_300004854", source: https://content.pendo.scopus.com/guide-content/dKdg-1ETkV0CILxRfRAO4_l_7Gc/3mfRlvel5T7NkvMcz4MpUaaD0Ww/6y8O8mGDtwYk48Pqi4B94m2D8b8.guide.js?sha256=qVZn_xzYBqhhvPoEQVxqEZC02zQrybATDGr5wdi1B18 (401)
[0229/172609.255806:INFO:CONSOLE(409)] "Track Event Impression Registered for: pendo:sc - new remote access - 20210701 |:maybe later:RN_AGCM_Program_300004854", source: https://content.pendo.scopus.com/guide-content/dKdg-1ETkV0CILxRfRAO4_l_7Gc/3mfRlvel5T7NkvMcz4MpUaaD0Ww/6y8O8mGDtwYk48Pqi4B94m2D8b8.guide.js?sha256=qVZn_xzYBqhhvPoEQVxqEZC02zQrybATDGr5wdi1B18 (409)
[0229/172609.256256:INFO:CONSOLE(401)] "AA Impression Registered for: pendo:sc - new remote access - 20210701 |:check access:RN_AGCM_Program_300004854", source: https://content.pendo.scopus.com/guide-content/dKdg-1ETkV0CILxRfRAO4_l_7Gc/3mfRlvel5T7NkvMcz4MpUaaD0Ww/6y8O8mGDtwYk48Pqi4B94m2D8b8.guide.js?sha256=qVZn_xzYBqhhvPoEQVxqEZC02zQrybATDGr5wdi1B18 (401)
[0229/172609.256642:INFO:CONSOLE(409)] "Track Event Impression Registered for: pendo:sc - new remote access - 20210701 |:check access:RN_AGCM_Program_300004854", source: https://content.pendo.scopus.com/guide-content/dKdg-1ETkV0CILxRfRAO4_l_7Gc/3mfRlvel5T7NkvMcz4MpUaaD0Ww/6y8O8mGDtwYk48Pqi4B94m2D8b8.guide.js?sha256=qVZn_xzYBqhhvPoEQVxqEZC02zQrybATDGr5wdi1B18 (409)
[0229/172609.257392:INFO:CONSOLE(401)] "AA Impression Registered for: pendo:sc - new remote access - 20210701 |:closeButtonX:RN_AGCM_Program_300004854", source: https://content.pendo.scopus.com/guide-content/dKdg-1ETkV0CILxRfRAO4_l_7Gc/3mfRlvel5T7NkvMcz4MpUaaD0Ww/6y8O8mGDtwYk48Pqi4B94m2D8b8.guide.js?sha256=qVZn_xzYBqhhvPoEQVxqEZC02zQrybATDGr5wdi1B18 (401)
[0229/172609.258339:INFO:CONSOLE(409)] "Track Event Impression Registered for: pendo:sc - new remote access - 20210701 |:closeButtonX:RN_AGCM_Program_300004854", source: https://content.pendo.scopus.com/guide-content/dKdg-1ETkV0CILxRfRAO4_l_7Gc/3mfRlvel5T7NkvMcz4MpUaaD0Ww/6y8O8mGDtwYk48Pqi4B94m2D8b8.guide.js?sha256=qVZn_xzYBqhhvPoEQVxqEZC02zQrybATDGr5wdi1B18 (409)
[0229/172613.816722:INFO:CONSOLE(6)] "AT: metric element not found [object Object]", source: https://assets.adobedtm.com/4a848ae9611a/8abdb8d26bcc/launch-5ed435cee62b.min.js (6)
[0229/172617.320744:INFO:CONSOLE(12)] "🚀 container.buildInfo.environment is deprecated.Please use `container.environment.stage` instead", source: https://assets.adobedtm.com/4a848ae9611a/8abdb8d26bcc/launch-5ed435cee62b.min.js (12)
[0229/172617.320910:INFO:CONSOLE(12)] "🚀 container.buildInfo.environment is deprecated.Please use `container.environment.stage` instead", source: https://assets.adobedtm.com/4a848ae9611a/8abdb8d26bcc/launch-5ed435cee62b.min.js (12)
[0229/172617.325266:INFO:CONSOLE(12)] "🚀 container.buildInfo.environment is deprecated.Please use `container.environment.stage` instead", source: https://assets.adobedtm.com/4a848ae9611a/8abdb8d26bcc/launch-5ed435cee62b.min.js (12)
[0229/172617.325344:INFO:CONSOLE(12)] "🚀 container.buildInfo.environment is deprecated.Please use `container.environment.stage` instead", source: https://assets.adobedtm.com/4a848ae9611a/8abdb8d26bcc/launch-5ed435cee62b.min.js (12)
[0229/172617.339010:INFO:CONSOLE(5)] "ComponentId: pbj-event-manager; Message: Subscribed to event "confirm-back-link-unsaved" via function: e", source: https://components.scopus.com/www/pbj-scopus-monolith/pbj-scopus-monolith.js (5)
[0229/172617.339111:INFO:CONSOLE(5)] "ComponentId: pbj-event-manager; Message: Subscribed to event "scopus-title-back-link" via function: t", source: https://components.scopus.com/www/pbj-scopus-monolith/pbj-scopus-monolith.js (5)
[0229/172617.339140:INFO:CONSOLE(5)] "ComponentId: pbj-event-manager; Message: Published event "scopus-page-title-ready" with data: true", source: https://components.scopus.com/www/pbj-scopus-monolith/pbj-scopus-monolith.js (5)
[0229/172617.345892:INFO:CONSOLE(5)] "Variant legacy only supports one fixed size currently.", source: https://components.scopus.com/www/global-header/global-header.js (5)
[0229/172617.345955:INFO:CONSOLE(5)] "Variant legacy only supports one fixed size currently.", source: https://components.scopus.com/www/global-header/global-header.js (5)
[0229/172617.464970:INFO:CONSOLE(630)] "Page report :: https://rum.scopus.com/pageReport?cpc=SC&pagetype=recordpage&sdsh=-408283146&tidh=-1946476791&href=https%3A%2F%2Fwww.scopus.com%2Frecord%2Fdisplay.uri%3Feid%3D2-s2.0-85183466230%26doi%3D10.1109%252fMENA-SC54044.2023.10374523%26origin%3Dinward%26txGid%3D7c4ee8f7c93d7cff52db836d4c10e812&navigationStart=1709207776214&unloadEventStart=1709207776938&unloadEventEnd=1709207776949&redirectStart=1709207776214&redirectEnd=1709207776520&fetchStart=1709207776520&domainLookupStart=1709207776520&domainLookupEnd=1709207776520&connectStart=1709207776520&connectEnd=1709207776520&secureConnectionStart=0&requestStart=1709207776522&responseStart=1709207776921&responseEnd=1709207776923&domLoading=1709207776952&domInteractive=1709207777305&domContentLoadedEventStart=1709207777330&domContentLoadedEventEnd=1709207777334&domComplete=1709207777360&loadEventStart=1709207777360&loadEventEnd=1709207777364", source: https://www.scopus.com/gzip_2116112278/bundles/RecordPageBottomMaster.js (630)
[0229/172617.791417:INFO:CONSOLE(353)] "Adobe Campaign ID: RN_AGCM_Program_300004854", source: https://content.pendo.scopus.com/guide-content/dKdg-1ETkV0CILxRfRAO4_l_7Gc/3mfRlvel5T7NkvMcz4MpUaaD0Ww/6y8O8mGDtwYk48Pqi4B94m2D8b8.guide.js?sha256=qVZn_xzYBqhhvPoEQVxqEZC02zQrybATDGr5wdi1B18 (353)
[0229/172617.791597:INFO:CONSOLE(367)] "Adobe Campaign Name: sc - new remote access - 20210701 |", source: https://content.pendo.scopus.com/guide-content/dKdg-1ETkV0CILxRfRAO4_l_7Gc/3mfRlvel5T7NkvMcz4MpUaaD0Ww/6y8O8mGDtwYk48Pqi4B94m2D8b8.guide.js?sha256=qVZn_xzYBqhhvPoEQVxqEZC02zQrybATDGr5wdi1B18 (367)
[0229/172617.791684:INFO:CONSOLE(377)] "Element Path rule is: ", source: https://content.pendo.scopus.com/guide-content/dKdg-1ETkV0CILxRfRAO4_l_7Gc/3mfRlvel5T7NkvMcz4MpUaaD0Ww/6y8O8mGDtwYk48Pqi4B94m2D8b8.guide.js?sha256=qVZn_xzYBqhhvPoEQVxqEZC02zQrybATDGr5wdi1B18 (377)
[0229/172617.792555:INFO:CONSOLE(401)] "AA Impression Registered for: pendo:sc - new remote access - 20210701 |:maybe later:RN_AGCM_Program_300004854", source: https://content.pendo.scopus.com/guide-content/dKdg-1ETkV0CILxRfRAO4_l_7Gc/3mfRlvel5T7NkvMcz4MpUaaD0Ww/6y8O8mGDtwYk48Pqi4B94m2D8b8.guide.js?sha256=qVZn_xzYBqhhvPoEQVxqEZC02zQrybATDGr5wdi1B18 (401)
[0229/172617.792847:INFO:CONSOLE(409)] "Track Event Impression Registered for: pendo:sc - new remote access - 20210701 |:maybe later:RN_AGCM_Program_300004854", source: https://content.pendo.scopus.com/guide-content/dKdg-1ETkV0CILxRfRAO4_l_7Gc/3mfRlvel5T7NkvMcz4MpUaaD0Ww/6y8O8mGDtwYk48Pqi4B94m2D8b8.guide.js?sha256=qVZn_xzYBqhhvPoEQVxqEZC02zQrybATDGr5wdi1B18 (409)
[0229/172617.793152:INFO:CONSOLE(401)] "AA Impression Registered for: pendo:sc - new remote access - 20210701 |:check access:RN_AGCM_Program_300004854", source: https://content.pendo.scopus.com/guide-content/dKdg-1ETkV0CILxRfRAO4_l_7Gc/3mfRlvel5T7NkvMcz4MpUaaD0Ww/6y8O8mGDtwYk48Pqi4B94m2D8b8.guide.js?sha256=qVZn_xzYBqhhvPoEQVxqEZC02zQrybATDGr5wdi1B18 (401)
[0229/172617.793418:INFO:CONSOLE(409)] "Track Event Impression Registered for: pendo:sc - new remote access - 20210701 |:check access:RN_AGCM_Program_300004854", source: https://content.pendo.scopus.com/guide-content/dKdg-1ETkV0CILxRfRAO4_l_7Gc/3mfRlvel5T7NkvMcz4MpUaaD0Ww/6y8O8mGDtwYk48Pqi4B94m2D8b8.guide.js?sha256=qVZn_xzYBqhhvPoEQVxqEZC02zQrybATDGr5wdi1B18 (409)
[0229/172617.793773:INFO:CONSOLE(401)] "AA Impression Registered for: pendo:sc - new remote access - 20210701 |:closeButtonX:RN_AGCM_Program_300004854", source: https://content.pendo.scopus.com/guide-content/dKdg-1ETkV0CILxRfRAO4_l_7Gc/3mfRlvel5T7NkvMcz4MpUaaD0Ww/6y8O8mGDtwYk48Pqi4B94m2D8b8.guide.js?sha256=qVZn_xzYBqhhvPoEQVxqEZC02zQrybATDGr5wdi1B18 (401)
[0229/172617.794014:INFO:CONSOLE(409)] "Track Event Impression Registered for: pendo:sc - new remote access - 20210701 |:closeButtonX:RN_AGCM_Program_300004854", source: https://content.pendo.scopus.com/guide-content/dKdg-1ETkV0CILxRfRAO4_l_7Gc/3mfRlvel5T7NkvMcz4MpUaaD0Ww/6y8O8mGDtwYk48Pqi4B94m2D8b8.guide.js?sha256=qVZn_xzYBqhhvPoEQVxqEZC02zQrybATDGr5wdi1B18 (409)
[0229/172622.383776:INFO:CONSOLE(6)] "AT: metric element not found [object Object]", source: https://assets.adobedtm.com/4a848ae9611a/8abdb8d26bcc/launch-5ed435cee62b.min.js (6)
